<?xml version="1.0" encoding="UTF-8"?>
<!-- Generated by org.testng.reporters.JUnitXMLReporter -->
<testsuite ignored="0" hostname="LAPTOP-PIU79BCM" failures="0" tests="4" name="Incidents" time="41.57" errors="0" timestamp="2023-12-03T16:43:08 IST">
  <testcase classname="services.IncidentTests" name="createIncident" time="5.998"/>
  <testcase classname="services.IncidentTests" name="getAllIncidents" time="5.041"/>
  <testcase classname="services.IncidentTests" name="getIncidents" time="24.479"/>
  <testcase classname="services.IncidentTests" name="updateIncident" time="5.41"/>
</testsuite> <!-- Incidents -->
