<?xml version="1.0" encoding="UTF-8"?>
<testng-results ignored="0" total="10" passed="10" failed="0" skipped="0">
  <reporter-output>
  </reporter-output>
  <suite started-at="2023-12-03T23:41:39 IST" name="Default suite" finished-at="2023-12-03T23:41:52 IST" duration-ms="13233">
    <groups>
      <group name="cucumber">
        <method signature="AbstractTestNGCucumberTests.runScenario(io.cucumber.testng.PickleWrapper,io.cucumber.testng.FeatureWrapper)[pri:0, instance:runner.RunTest@7fcf2fc1]" name="runScenario" class="io.cucumber.testng.AbstractTestNGCucumberTests"/>
      </group> <!-- cucumber -->
    </groups>
    <test started-at="2023-12-03T23:41:39 IST" name="Default test" finished-at="2023-12-03T23:41:52 IST" duration-ms="13233">
      <class name="runner.RunTest">
        <test-method is-config="true" signature="setUpClass(org.testng.ITestContext)[pri:0, instance:runner.RunTest@7fcf2fc1]" started-at="2023-12-03T23:41:39 IST" name="setUpClass" finished-at="2023-12-03T23:41:39 IST" duration-ms="343" status="PASS">
          <params>
            <param index="0">
              <value>
                <![CDATA[org.testng.TestRunner@34d5eac]]>
              </value>
            </param>
          </params>
          <reporter-output>
          </reporter-output>
        </test-method> <!-- setUpClass -->
        <test-method signature="runScenario(io.cucumber.testng.PickleWrapper,io.cucumber.testng.FeatureWrapper)[pri:0, instance:runner.RunTest@7fcf2fc1]" started-at="2023-12-03T23:41:39 IST" name="runScenario" description="Runs Cucumber Scenarios" data-provider="scenarios" finished-at="2023-12-03T23:41:42 IST" duration-ms="3014" status="PASS">
          <params>
            <param index="0">
              <value>
                <![CDATA["Create Issue"]]>
              </value>
            </param>
            <param index="1">
              <value>
                <![CDATA["Optional[Jira CRUD Functionality]"]]>
              </value>
            </param>
          </params>
          <reporter-output>
          </reporter-output>
        </test-method> <!-- runScenario -->
        <test-method signature="runScenario(io.cucumber.testng.PickleWrapper,io.cucumber.testng.FeatureWrapper)[pri:0, instance:runner.RunTest@7fcf2fc1]" started-at="2023-12-03T23:41:42 IST" name="runScenario" description="Runs Cucumber Scenarios" data-provider="scenarios" finished-at="2023-12-03T23:41:43 IST" duration-ms="887" status="PASS">
          <params>
            <param index="0">
              <value>
                <![CDATA["Create Issue with multiple Data"]]>
              </value>
            </param>
            <param index="1">
              <value>
                <![CDATA["Optional[Jira CRUD Functionality]"]]>
              </value>
            </param>
          </params>
          <reporter-output>
          </reporter-output>
        </test-method> <!-- runScenario -->
        <test-method signature="runScenario(io.cucumber.testng.PickleWrapper,io.cucumber.testng.FeatureWrapper)[pri:0, instance:runner.RunTest@7fcf2fc1]" started-at="2023-12-03T23:41:43 IST" name="runScenario" description="Runs Cucumber Scenarios" data-provider="scenarios" finished-at="2023-12-03T23:41:44 IST" duration-ms="846" status="PASS">
          <params>
            <param index="0">
              <value>
                <![CDATA["Create Issue with multiple Data"]]>
              </value>
            </param>
            <param index="1">
              <value>
                <![CDATA["Optional[Jira CRUD Functionality]"]]>
              </value>
            </param>
          </params>
          <reporter-output>
          </reporter-output>
        </test-method> <!-- runScenario -->
        <test-method signature="runScenario(io.cucumber.testng.PickleWrapper,io.cucumber.testng.FeatureWrapper)[pri:0, instance:runner.RunTest@7fcf2fc1]" started-at="2023-12-03T23:41:44 IST" name="runScenario" description="Runs Cucumber Scenarios" data-provider="scenarios" finished-at="2023-12-03T23:41:45 IST" duration-ms="983" status="PASS">
          <params>
            <param index="0">
              <value>
                <![CDATA["Create Issue with Faker"]]>
              </value>
            </param>
            <param index="1">
              <value>
                <![CDATA["Optional[Jira CRUD Functionality]"]]>
              </value>
            </param>
          </params>
          <reporter-output>
          </reporter-output>
        </test-method> <!-- runScenario -->
        <test-method signature="runScenario(io.cucumber.testng.PickleWrapper,io.cucumber.testng.FeatureWrapper)[pri:0, instance:runner.RunTest@7fcf2fc1]" started-at="2023-12-03T23:41:45 IST" name="runScenario" description="Runs Cucumber Scenarios" data-provider="scenarios" finished-at="2023-12-03T23:41:46 IST" duration-ms="739" status="PASS">
          <params>
            <param index="0">
              <value>
                <![CDATA["Create Issue with Faker"]]>
              </value>
            </param>
            <param index="1">
              <value>
                <![CDATA["Optional[Jira CRUD Functionality]"]]>
              </value>
            </param>
          </params>
          <reporter-output>
          </reporter-output>
        </test-method> <!-- runScenario -->
        <test-method signature="runScenario(io.cucumber.testng.PickleWrapper,io.cucumber.testng.FeatureWrapper)[pri:0, instance:runner.RunTest@7fcf2fc1]" started-at="2023-12-03T23:41:46 IST" name="runScenario" description="Runs Cucumber Scenarios" data-provider="scenarios" finished-at="2023-12-03T23:41:47 IST" duration-ms="742" status="PASS">
          <params>
            <param index="0">
              <value>
                <![CDATA["Create Issue with Faker"]]>
              </value>
            </param>
            <param index="1">
              <value>
                <![CDATA["Optional[Jira CRUD Functionality]"]]>
              </value>
            </param>
          </params>
          <reporter-output>
          </reporter-output>
        </test-method> <!-- runScenario -->
        <test-method signature="runScenario(io.cucumber.testng.PickleWrapper,io.cucumber.testng.FeatureWrapper)[pri:0, instance:runner.RunTest@7fcf2fc1]" started-at="2023-12-03T23:41:47 IST" name="runScenario" description="Runs Cucumber Scenarios" data-provider="scenarios" finished-at="2023-12-03T23:41:48 IST" duration-ms="913" status="PASS">
          <params>
            <param index="0">
              <value>
                <![CDATA["Create Issue with Faker"]]>
              </value>
            </param>
            <param index="1">
              <value>
                <![CDATA["Optional[Jira CRUD Functionality]"]]>
              </value>
            </param>
          </params>
          <reporter-output>
          </reporter-output>
        </test-method> <!-- runScenario -->
        <test-method signature="runScenario(io.cucumber.testng.PickleWrapper,io.cucumber.testng.FeatureWrapper)[pri:0, instance:runner.RunTest@7fcf2fc1]" started-at="2023-12-03T23:41:48 IST" name="runScenario" description="Runs Cucumber Scenarios" data-provider="scenarios" finished-at="2023-12-03T23:41:48 IST" duration-ms="575" status="PASS">
          <params>
            <param index="0">
              <value>
                <![CDATA["Update Issue"]]>
              </value>
            </param>
            <param index="1">
              <value>
                <![CDATA["Optional[Jira CRUD Functionality]"]]>
              </value>
            </param>
          </params>
          <reporter-output>
          </reporter-output>
        </test-method> <!-- runScenario -->
        <test-method signature="runScenario(io.cucumber.testng.PickleWrapper,io.cucumber.testng.FeatureWrapper)[pri:0, instance:runner.RunTest@7fcf2fc1]" started-at="2023-12-03T23:41:48 IST" name="runScenario" description="Runs Cucumber Scenarios" data-provider="scenarios" finished-at="2023-12-03T23:41:49 IST" duration-ms="815" status="PASS">
          <params>
            <param index="0">
              <value>
                <![CDATA["Delete Issue"]]>
              </value>
            </param>
            <param index="1">
              <value>
                <![CDATA["Optional[Jira CRUD Functionality]"]]>
              </value>
            </param>
          </params>
          <reporter-output>
          </reporter-output>
        </test-method> <!-- runScenario -->
        <test-method signature="runScenario(io.cucumber.testng.PickleWrapper,io.cucumber.testng.FeatureWrapper)[pri:0, instance:runner.RunTest@7fcf2fc1]" started-at="2023-12-03T23:41:49 IST" name="runScenario" description="Runs Cucumber Scenarios" data-provider="scenarios" finished-at="2023-12-03T23:41:50 IST" duration-ms="1270" status="PASS">
          <params>
            <param index="0">
              <value>
                <![CDATA["Get all Issues"]]>
              </value>
            </param>
            <param index="1">
              <value>
                <![CDATA["Optional[Jira CRUD Functionality]"]]>
              </value>
            </param>
          </params>
          <reporter-output>
          </reporter-output>
        </test-method> <!-- runScenario -->
        <test-method is-config="true" signature="tearDownClass()[pri:0, instance:runner.RunTest@7fcf2fc1]" started-at="2023-12-03T23:41:50 IST" name="tearDownClass" finished-at="2023-12-03T23:41:52 IST" duration-ms="1972" status="PASS">
          <reporter-output>
          </reporter-output>
        </test-method> <!-- tearDownClass -->
      </class> <!-- runner.RunTest -->
    </test> <!-- Default test -->
  </suite> <!-- Default suite -->
</testng-results>
